C51 COMPILER V9.00   DIANYABIAO                                                            06/14/2011 23:21:41 PAGE 1   


C51 COMPILER V9.00, COMPILATION OF MODULE DIANYABIAO
OBJECT MODULE PLACED IN ..\output\dianyabiao.obj
COMPILER INVOKED BY: D:\keil\C51\BIN\C51.EXE dianyabiao.c BROWSE DEBUG OBJECTEXTEND PRINT(..\output\dianyabiao.lst) OBJE
                    -CT(..\output\dianyabiao.obj)

line level    source

   1          #include<stc12c5a.h>
   2          #include <intrins.h> 
   3          #define uint unsigned int
   4          #define uchar unsigned char
   5          sbit P2_5 = P2^5;
   6          sbit P2_0 = P2^0;
   7          sbit P2_1 = P2^1;
   8          sbit P2_2 = P2^2;
   9          sbit P2_3 = P2^3;
  10          sbit P0_7  = P0^7;
  11          sbit S1 = P3^3;
  12          sbit S2 = P3^4;
  13          sbit S3 = P3^5;
  14          void display(uint s);
  15          void delay(uint z);
  16          void beep();
  17          void init ();
  18          static void time_();
  19          void keyscan();
  20          void Read_init (uchar CHA);
  21          unsigned int ADC_Read (void);
  22          code char seven_seg[10] = {0xc0,0xf9,0xa4,0xb0,0x99,0x92,0x82,0xf8,0x80,0x90};
  23          uint s,a,S1num;
  24          int high,low;
  25          uchar flag;
  26          void main ()
  27          {            
  28   1              init ();
  29   1              time_();
  30   1          Read_init(0);
  31   1              while(1)
  32   1              {
  33   2              a = ADC_Read();
  34   2              s =a/0.2048;            
  35   2              if(s>high&&flag== 0)
  36   2              {
  37   3                      beep();
  38   3              }
  39   2              if(s<low&&flag == 0)
  40   2              {
  41   3                      beep();
  42   3              }
  43   2              }
  44   1      
  45   1      }  
  46          void Read_init (uchar CHA)
  47          {
  48   1       uchar AD_FIN=0; 
  49   1          CHA &= 0x07;  
  50   1          ADC_CONTR = 0x10;  
  51   1          _nop_();
  52   1          ADC_CONTR |= CHA; 
  53   1          _nop_();
  54   1          ADC_CONTR |= 0x80;  
C51 COMPILER V9.00   DIANYABIAO                                                            06/14/2011 23:21:41 PAGE 2   

  55   1           delay(1);  
  56   1      }
  57          unsigned int ADC_Read (void)
  58          {
  59   1       unsigned char AD_FIN=0; 
  60   1          ADC_CONTR |= 0x08;  
  61   1          _nop_();
  62   1          _nop_();
  63   1          _nop_();
  64   1          _nop_();
  65   1          while (AD_FIN ==0){  
  66   2              AD_FIN = (ADC_CONTR & 0x10);
  67   2          }
  68   1          ADC_CONTR &= 0xE7;       
  69   1      return (ADC_RES*4);
  70   1      }
  71          void init ()
  72          {
  73   1      P2 = 0xf0;
  74   1      P2M0 = 0x0F; 
  75   1      P2M1 = 0x00;
  76   1      P1M1 = 0x01;
  77   1      }
  78          void delay(uint z)
  79          {
  80   1              uint i,j;
  81   1              for(i=0;i<z;i++)
  82   1              for(j=0;j<100;j++);
  83   1      }
  84          void beep()
  85          {
  86   1              P2_5 = 0;
  87   1              delay(100);
  88   1              P2_5 = 1;
  89   1              delay(100);
  90   1      }
  91          void keyscan()
  92          {
  93   1              if(S1==0)
  94   1              {
  95   2              delay(5);
  96   2              if(S1==0)
  97   2              {
  98   3              while(!S1);
  99   3              S1num++;
 100   3              if(S1num==1)
 101   3              {
 102   4              flag = 1;
 103   4              }
 104   3              if(S1num==2)
 105   3              {
 106   4              flag = 2;
 107   4              }
 108   3              if(S1num==3)
 109   3              {
 110   4              S1num = 0;
 111   4              flag = 0;
 112   4              }       
 113   3              }
 114   2              }
 115   1              if(S1num==1)
 116   1              {
C51 COMPILER V9.00   DIANYABIAO                                                            06/14/2011 23:21:41 PAGE 3   

 117   2              flag = 1;
 118   2              if(S2==0)
 119   2              {
 120   3               delay(5);
 121   3               if(S2==0)
 122   3               {
 123   4               while(!S2);
 124   4               low+=100;
 125   4               if(low>=5000)
 126   4               {
 127   5               low = 0;
 128   5               }
 129   4                }
 130   3              }
 131   2              if(S3==0)
 132   2              {
 133   3               delay(5);
 134   3               if(S3==0)
 135   3               {
 136   4               while(!S3);
 137   4               low-=100;
 138   4               if(low<=0)
 139   4               {
 140   5               low = 5000;
 141   5               }
 142   4                }
 143   3              }
 144   2              }
 145   1                      if(S1num==2)
 146   1              {
 147   2              flag = 2;
 148   2              if(S2==0)
 149   2              {
 150   3               delay(5);
 151   3               if(S2==0)
 152   3               {
 153   4               while(!S2);
 154   4               high+=100;
 155   4               if(high>=5000)
 156   4               {
 157   5               high = 0;
 158   5               }
 159   4                }
 160   3              }
 161   2              if(S3==0)
 162   2              {
 163   3               delay(5);
 164   3               if(S3==0)
 165   3               {
 166   4               while(!S3);
 167   4               high-=100;
 168   4               if(high<=0)
 169   4               {
 170   5               high = 5000;
 171   5               }
 172   4                }
 173   3              }
 174   2              }
 175   1              
 176   1      }
 177          static void time_()
 178          {
C51 COMPILER V9.00   DIANYABIAO                                                            06/14/2011 23:21:41 PAGE 4   

 179   1              TMOD = 0x02;
 180   1              TH0 = 0x00;
 181   1              TL0 = 0x00;
 182   1              ET0 = 1;
 183   1              TR0 = 1;
 184   1              EA = 1;
 185   1              flag = 0;
 186   1              high = 5000;
 187   1              low = 0;        
 188   1      }
 189          static void time0(void)interrupt 1
 190          {
 191   1              unsigned char i; 
 192   1              keyscan();
 193   1              if(flag==0)
 194   1              {
 195   2              switch(i)
 196   2                      {
 197   3                      case 0:P0 = seven_seg[s/1000];P0_7  =0;P2_0 = 1;P2_1 =0;P2_2 = 0;P2_3 = 0;break;
 198   3                      case 1:P0 = seven_seg[s%1000/100];P2_0 = 0;P2_1 =1;P2_2 = 0;P2_3 = 0;break;
 199   3                      case 2:P0 = seven_seg[s%1000%100/10];P2_0 = 0;P2_1 =0;P2_2 = 1;P2_3 = 0;break;
 200   3                      case 3:P0 = seven_seg[s%10];P2_0 = 0;P2_1 =0;P2_2 = 0;P2_3 = 1;break;
 201   3                      }
 202   2                      i++;
 203   2                      if(i==4)i=0;
 204   2                      }
 205   1              if(flag==1)
 206   1              {
 207   2              switch(i)
 208   2                      {
 209   3                      case 0:P0 = seven_seg[low/1000];P0_7  =0;P2_0 = 1;P2_1 =0;P2_2 = 0;P2_3 = 0;break;
 210   3                      case 1:P0 = seven_seg[low%1000/100];P2_0 = 0;P2_1 =1;P2_2 = 0;P2_3 = 0;break;
 211   3                      case 2:P0 = 0xff;P2_0 = 0;P2_1 =0;P2_2 = 1;P2_3 = 0;break;
 212   3                      case 3:P0 = 0xc7;P2_0 = 0;P2_1 =0;P2_2 = 0;P2_3 = 1;break;
 213   3                      }
 214   2                      i++;
 215   2                      if(i==4)i=0;
 216   2                      }
 217   1              if(flag==2)
 218   1              {
 219   2              switch(i)
 220   2                      {
 221   3                      case 0:P0 = seven_seg[high/1000];P0_7  =0;P2_0 = 1;P2_1 =0;P2_2 = 0;P2_3 = 0;break;
 222   3                      case 1:P0 = seven_seg[high%1000/100];P2_0 = 0;P2_1 =1;P2_2 = 0;P2_3 = 0;break;
 223   3                      case 2:P0 = 0xff;P2_0 = 0;P2_1 =0;P2_2 = 1;P2_3 = 0;break;
 224   3                      case 3:P0 = 0x89;P2_0 = 0;P2_1 =0;P2_2 = 0;P2_3 = 1;break;
 225   3                      }
 226   2                      i++;
 227   2                      if(i==4)i=0;
 228   2                      }                       
 229   1      }


MODULE INFORMATION:   STATIC OVERLAYABLE
   CODE SIZE        =   1026    ----
   CONSTANT SIZE    =     10    ----
   XDATA SIZE       =   ----    ----
   PDATA SIZE       =   ----    ----
   DATA SIZE        =     11       2
   IDATA SIZE       =   ----    ----
   BIT SIZE         =   ----    ----
END OF MODULE INFORMATION.

C51 COMPILER V9.00   DIANYABIAO                                                            06/14/2011 23:21:41 PAGE 5   


C51 COMPILATION COMPLETE.  0 WARNING(S),  0 ERROR(S)
