C51 COMPILER V9.54   CHENGXU                                                               12/26/2019 23:20:58 PAGE 1   


C51 COMPILER V9.54, COMPILATION OF MODULE CHENGXU
OBJECT MODULE PLACED IN chengxu.OBJ
COMPILER INVOKED BY: E:\Keil\C51\BIN\C51.EXE chengxu.c OPTIMIZE(8,SPEED) BROWSE DEBUG OBJECTEXTEND TABS(2)

line level    source

   1          /********************************************************************
   2                                      洛迦科技
   3          实现功能:此版配套测试程序
   4          使用芯片：STC89C52
   5          晶振：11.0592MHZ
   6          波特率：9600
   7          编译环境：Keil
   8          洛迦科技：runeskee.taobao.com
   9          
  10          【声明】此程序仅用于学习与参考，引用请注明版权和作者信息！     
  11          *********************************************************************/
  12          /********************************************************************
  13          说明：1、 当测量浓度大于设定浓度时，单片机IO口输出低电平
  14          *********************************************************************/
  15          #include<reg52.h>          //库文件
  16          #define uchar unsigned char//宏定义无符号字符型
  17          #define uint unsigned int  //宏定义无符号整型
  18          
  19          /********************************************************************
  20                                      I/O定义
  21          *********************************************************************/
  22          sbit LED=P2^7;   //定义单片机P2口的第8位 （即P2.7）为指示端
  23          sbit DOUT=P1^7;  //定义单片机P1口的第8位 （即P1.7）为传感器的输入端
  24          
  25          /********************************************************************
  26                                      主函数
  27          *********************************************************************/
  28          void main()
  29          {
  30   1        while(1)   //无限循环
  31   1        {
  32   2         LED=1;    //熄灭 灯
  33   2         if(DOUT==0)//当浓度高于设定值时 ，执行条件函数
  34   2         {
  35   3      
  36   3          if(DOUT==0)//确定 浓度高于设定值时 ，执行条件函数
  37   3            {
  38   4           LED=0;    //点亮 灯
  39   4          }
  40   3         }
  41   2        }
  42   1      } 
  43          /********************************************************************
  44                                        结束
  45          *********************************************************************/


MODULE INFORMATION:   STATIC OVERLAYABLE
   CODE SIZE        =     12    ----
   CONSTANT SIZE    =   ----    ----
   XDATA SIZE       =   ----    ----
   PDATA SIZE       =   ----    ----
   DATA SIZE        =   ----    ----
   IDATA SIZE       =   ----    ----
   BIT SIZE         =   ----    ----
C51 COMPILER V9.54   CHENGXU                                                               12/26/2019 23:20:58 PAGE 2   

END OF MODULE INFORMATION.


C51 COMPILATION COMPLETE.  0 WARNING(S),  0 ERROR(S)
