C51 COMPILER V9.00   MAIN                                                                  06/19/2020 21:38:49 PAGE 1   


C51 COMPILER V9.00, COMPILATION OF MODULE MAIN
OBJECT MODULE PLACED IN main.OBJ
COMPILER INVOKED BY: E:\Keil\C51\BIN\C51.EXE main.c BROWSE DEBUG OBJECTEXTEND

line level    source

   1          /******************************************************************************
   2          ----------------本例程仅供学习使用，未经作者允许，不得用于其他用途。-----------
   3          ------------------------版权所有，仿冒必究！-----------------------------------
   4          ----------------淘宝网址：Ilovemcu.taobao.com----------------------------------
   5              STC89C52/STC12C5A60S2带液晶接口的最小系统：
   6                  https://item.taobao.com/item.htm?id=26410708738
   7              FSR薄膜压力传感器 圆形：
   8                  https://item.taobao.com/item.htm?id=564232635110
   9              FSR薄膜压力传感器 长条形：
  10                  https://item.taobao.com/item.htm?id=564085737164
  11              杜邦线：
  12                  https://item.taobao.com/item.htm?id=562848773709
  13                  LCD1602液晶：
  14                          https://item.taobao.com/item.htm?id=21282627385
  15          ------------------作者：神秘藏宝室---------------------------------------------*/
  16          #include "main.h"
  17          #include "LCD1602.h"
  18          unsigned int ADC_Buffer = 0;
  19          long PRESS_AO = 0;
  20          int VOLTAGE_AO = 0;
  21          
  22          //下面4项内容需要根据实际型号和量程修正
  23          
  24          /******************************************************************************
  25          ----------------本例程仅供学习使用，未经作者允许，不得用于其他用途。-----------
  26          ------------------------版权所有，仿冒必究！-----------------------------------
  27          
  28          ----------------3.单片机使用晶振：16M------------------------------------------
  29          ----------------4.淘宝店铺名字：智男电子--------------------------------
  30              ARDUINO UNO R3 开发板：
  31              https://item.taobao.com/item.htm?spm=a2oq0.12575281.0.0.70471debPMdKl5&ft=t&id=613506711767
  32              FSR薄膜压力传感器 圆形：
  33             https://item.taobao.com/item.htm?spm=a1z10.1-c-s.w137712-22457352271.2.61bb77b0HMUU4O&id=613400922366
  34              FSR薄膜压力传感器 长条形：
  35             https://item.taobao.com/item.htm?spm=a2oq0.12575281.0.0.70471debPMdKl5&ft=t&id=612929340197
  36              杜邦线：
  37              https://item.taobao.com/item.htm?spm=a2oq0.12575281.0.0.70471debPMdKl5&ft=t&id=613399098655
  38          ----------------5.作者：智男电子---------------------------------------------*/
  39          //最小量程 根据具体型号对应手册获取,单位是g，这里以RP-18.3-ST型号为例，最小量程是20g
  40          #define PRESS_MIN       20
  41          //最大量程 根据具体型号对应手册获取,单位是g，这里以RP-18.3-ST型号为例，最大量程是6kg
  42          #define PRESS_MAX       6000
  43          
  44          //以下2个参数根据获取方法：
  45          //理论上：
  46          // 1.薄膜压力传感器不是精准的压力测试传感器，只适合粗略测量压力用，不能当压力计精确测量。
  47          // 2. AO引脚输出的电压有效范围是0.1v到3.3v，而实际根据不同传感器范围会在这个范围内，并不一定是最大值3.3v，
             -也可能低于3.3v，要实际万用表测量，
  48          //      例程只是给出理论值，想要精确请自行万用表测量然后修正以下2个AO引脚电压输出的最大和最小值
  49          //调节方法：
  50          //薄膜压力传感器的AO引脚输出的增益范围是通过板载AO_RES电位器调节实现的，
  51          //想要稍微精准点，需要自己给定具体已知力，然后调节AO_RES电位器到串口输出重量正好是自己给定力就可以了
  52          #define VOLTAGE_MIN 100
  53          #define VOLTAGE_MAX 3300
  54          
C51 COMPILER V9.00   MAIN                                                                  06/19/2020 21:38:49 PAGE 2   

  55          //****************************************************
  56          //主函数
  57          //****************************************************
  58          void main()
  59          {
  60   1              ADC_CONTR = ADC_360T | ADC_ON;
  61   1              AUXR1 |= ADRJ;                                                                  //ADRJ = 1;                     //10bitAD右对齐
  62   1              Init_LCD1602();                                                                 //初始化LCD1602
  63   1              LCD1602_write_com(0x80);                                                //指针设置到
  64   1              LCD1602_write_word("Welcome to use!");                  //显示内容
  65   1      
  66   1      
  67   1              LCD1602_write_com(0x01);                                //清屏
  68   1      
  69   1              while(1)
  70   1              {
  71   2                      LCD1602_write_com(0x80);                                                //指针设置到第一行
  72   2                      LCD1602_write_word("Initialize OK!");                   //显示内容
  73   2      
  74   2                      ADC_Buffer = adc10_start(0);            // P1.0 ADC
  75   2      
  76   2                      VOLTAGE_AO = map(ADC_Buffer, 0, 1023, 0, 5000);
  77   2      
  78   2                      if(VOLTAGE_AO < VOLTAGE_MIN)
  79   2                      {
  80   3                              PRESS_AO = 0;
  81   3                      }
  82   2                      else if(VOLTAGE_AO > VOLTAGE_MAX)
  83   2                      {
  84   3                              PRESS_AO = PRESS_MAX;
  85   3                      }
  86   2                      else
  87   2                      {
  88   3                              PRESS_AO = map(VOLTAGE_AO, VOLTAGE_MIN, VOLTAGE_MAX, PRESS_MIN, PRESS_MAX);
  89   3                      }
  90   2      
  91   2                      LCD1602_write_com(0x80+0x40);                                   //指针设置
  92   2                      LCD1602_write_word("F = ");                     //显示内容
  93   2                      LCD1602_write_data(PRESS_AO/10000+0x30);                        //显示内容
  94   2                      LCD1602_write_data(PRESS_AO%10000/1000+0x30);                   //显示内容
  95   2                      LCD1602_write_data(PRESS_AO%1000/100+0x30);
  96   2                      LCD1602_write_data(PRESS_AO%100/10+0x30);
  97   2                      LCD1602_write_data(PRESS_AO%10+0x30);
  98   2                      LCD1602_write_word(" g");       
  99   2                      
 100   2                      if( Sensor_DO == 0 )            //检测比较器输出
 101   2                      {
 102   3                              LED1 = LED_ON;
 103   3                      }
 104   2                      else
 105   2                      {
 106   3                              LED1 = LED_OFF; 
 107   3                      }
 108   2                      Delay_ms(100);          
 109   2              }
 110   1      }
 111          
 112          
 113          //map函数
 114          long map(long x, long in_min, long in_max, long out_min, long out_max) {
 115   1       return (x - in_min) * (out_max - out_min) / (in_max - in_min) + out_min;
 116   1      }
C51 COMPILER V9.00   MAIN                                                                  06/19/2020 21:38:49 PAGE 3   

 117          
 118          //****************************************************
 119          //做一次ADC转换
 120          //****************************************************
 121          unsigned int adc10_start(unsigned char channel) //channel = 0~7
 122          {
 123   1              unsigned int    adc;
 124   1              unsigned char   i;
 125   1      
 126   1              P1ASF = (1 << channel);                 //12C5A60AD/S2系列模拟输入(AD)选择
 127   1      
 128   1              ADC_RES = 0;
 129   1              ADC_RESL = 0;
 130   1      
 131   1              ADC_CONTR = (ADC_CONTR & 0xe0) | ADC_START | channel;
 132   1              _nop_();
 133   1              _nop_();
 134   1              _nop_();
 135   1              _nop_();
 136   1               
 137   1      
 138   1      //      for(i=0; i<250; i++)            //13T/loop, 40*13=520T=23.5us @ 22.1184M
 139   1              i = 250;
 140   1              do{
 141   2                      if(ADC_CONTR & ADC_FLAG)
 142   2                      {
 143   3                              ADC_CONTR &= ~ADC_FLAG;                         //软件清零ADC_FLAG
 144   3                              _nop_();
 145   3                              _nop_();
 146   3                              _nop_();
 147   3                              _nop_();
 148   3                              adc = 0;
 149   3                              adc = (ADC_RES << 8) | ADC_RESL;        //ADRJ_enable()
 150   3      
 151   3      
 152   3                              return  adc;
 153   3                      }
 154   2              }while(--i);
 155   1              return  1024;
 156   1      }
 157          
 158          //****************************************************
 159          //MS延时函数(12M晶振下测试)
 160          //****************************************************
 161          void Delay_ms(unsigned int n)
 162          {
 163   1              unsigned int  i,j;
 164   1              for(i=0;i<n;i++)
 165   1                      for(j=0;j<123;j++);
 166   1      }


MODULE INFORMATION:   STATIC OVERLAYABLE
   CODE SIZE        =    607    ----
   CONSTANT SIZE    =     39    ----
   XDATA SIZE       =   ----    ----
   PDATA SIZE       =   ----    ----
   DATA SIZE        =      8      20
   IDATA SIZE       =   ----    ----
   BIT SIZE         =   ----    ----
END OF MODULE INFORMATION.


C51 COMPILATION COMPLETE.  0 WARNING(S),  0 ERROR(S)
